<?xml version="1.0" encoding="UTF-8"?>
<testsuite xmlns:xsi="http://www.w3.org/2001/XMLSchema-instance" xsi:noNamespaceSchemaLocation="https://maven.apache.org/surefire/maven-surefire-plugin/xsd/surefire-test-report-3.0.xsd" version="3.0" name="com.zugar.ZugarAppTest" time="0.602" tests="5" errors="0" skipped="0" failures="0">
  <properties>
[...]
</properties>
  <testcase name="testUserRegistrationAndLogin" classname="com.zugar.ZugarAppTest" time="0.441">
    <system-err><![CDATA[SLF4J: Failed to load class "org.slf4j.impl.StaticLoggerBinder".
SLF4J: Defaulting to no-operation (NOP) logger implementation
SLF4J: See http://www.slf4j.org/codes.html#StaticLoggerBinder for further details.
]]></system-err>
  </testcase>
  <testcase name="testJwtTokenParsingAndValidation" classname="com.zugar.ZugarAppTest" time="0.027"/>
  <testcase name="testProjectFileRepositoryAndService" classname="com.zugar.ZugarAppTest" time="0.055"/>
  <testcase name="testInvalidLoginThrowsException" classname="com.zugar.ZugarAppTest" time="0.022"/>
  <testcase name="testDatabaseTablesCreated" classname="com.zugar.ZugarAppTest" time="0.019"/>
</testsuite>